<?xml version="1.0" encoding="UTF-8"?>
<testng-results ignored="0" total="2" passed="2" failed="0" skipped="0">
  <reporter-output>
  </reporter-output>
  <suite started-at="2022-01-13T17:00:20 IST" name="Default suite" finished-at="2022-01-13T17:02:03 IST" duration-ms="102502">
    <groups>
    </groups>
    <test started-at="2022-01-13T17:00:20 IST" name="Default test" finished-at="2022-01-13T17:02:03 IST" duration-ms="102502">
      <class name="test.LoginTest">
        <test-method is-config="true" signature="browser()[pri:0, instance:test.LoginTest@82de64a]" started-at="2022-01-13T17:00:20 IST" name="browser" finished-at="2022-01-13T17:00:24 IST" duration-ms="3195" status="PASS">
          <reporter-output>
          </reporter-output>
        </test-method> <!-- browser -->
        <test-method signature="VerifyTitle()[pri:0, instance:test.LoginTest@82de64a]" started-at="2022-01-13T17:00:24 IST" name="VerifyTitle" finished-at="2022-01-13T17:00:24 IST" duration-ms="21" status="PASS">
          <reporter-output>
          </reporter-output>
        </test-method> <!-- VerifyTitle -->
        <test-method is-config="true" signature="getResult(org.testng.ITestResult)[pri:0, instance:test.LoginTest@82de64a]" started-at="2022-01-13T17:00:24 IST" name="getResult" finished-at="2022-01-13T17:00:24 IST" duration-ms="17" status="PASS">
          <params>
            <param index="0">
              <value>
                <![CDATA[[TestResult name=VerifyTitle status=SUCCESS method=LoginTest.VerifyTitle()[pri:0, instance:test.LoginTest@82de64a] output={null}]]]>
              </value>
            </param>
          </params>
          <reporter-output>
          </reporter-output>
        </test-method> <!-- getResult -->
        <test-method signature="DataDriven()[pri:1, instance:test.LoginTest@82de64a]" started-at="2022-01-13T17:00:24 IST" name="DataDriven" finished-at="2022-01-13T17:01:59 IST" duration-ms="95038" status="PASS">
          <reporter-output>
          </reporter-output>
        </test-method> <!-- DataDriven -->
        <test-method is-config="true" signature="getResult(org.testng.ITestResult)[pri:0, instance:test.LoginTest@82de64a]" started-at="2022-01-13T17:01:59 IST" name="getResult" finished-at="2022-01-13T17:01:59 IST" duration-ms="0" status="PASS">
          <params>
            <param index="0">
              <value>
                <![CDATA[[TestResult name=DataDriven status=SUCCESS method=LoginTest.DataDriven()[pri:1, instance:test.LoginTest@82de64a] output={null}]]]>
              </value>
            </param>
          </params>
          <reporter-output>
          </reporter-output>
        </test-method> <!-- getResult -->
        <test-method is-config="true" signature="closeApp()[pri:0, instance:test.LoginTest@82de64a]" started-at="2022-01-13T17:01:59 IST" name="closeApp" finished-at="2022-01-13T17:02:03 IST" duration-ms="4181" status="PASS">
          <reporter-output>
          </reporter-output>
        </test-method> <!-- closeApp -->
        <test-method is-config="true" signature="closeExtent()[pri:0, instance:test.LoginTest@82de64a]" started-at="2022-01-13T17:02:03 IST" name="closeExtent" finished-at="2022-01-13T17:02:07 IST" duration-ms="4415" status="PASS">
          <reporter-output>
          </reporter-output>
        </test-method> <!-- closeExtent -->
      </class> <!-- test.LoginTest -->
    </test> <!-- Default test -->
  </suite> <!-- Default suite -->
</testng-results>
